{"total": {"lines":{"total":50,"covered":50,"skipped":0,"pct":100},"statements":{"total":63,"covered":62,"skipped":0,"pct":98.41},"functions":{"total":8,"covered":8,"skipped":0,"pct":100},"branches":{"total":49,"covered":45,"skipped":0,"pct":91.83},"branchesTrue":{"total":0,"covered":0,"skipped":0,"pct":"Unknown"}}
,"/home/runner/work/hsl-matcher/hsl-matcher/src/index.ts": {"lines":{"total":50,"covered":50,"skipped":0,"pct":100},"functions":{"total":8,"covered":8,"skipped":0,"pct":100},"statements":{"total":63,"covered":62,"skipped":0,"pct":98.41},"branches":{"total":49,"covered":45,"skipped":0,"pct":91.83}}
}
