{"total": {"lines":{"total":54,"covered":54,"skipped":0,"pct":100},"statements":{"total":64,"covered":63,"skipped":0,"pct":98.43},"functions":{"total":7,"covered":7,"skipped":0,"pct":100},"branches":{"total":38,"covered":34,"skipped":0,"pct":89.47},"branchesTrue":{"total":0,"covered":0,"skipped":0,"pct":"Unknown"}}
,"/home/runner/work/hsl-matcher/hsl-matcher/src/index.ts": {"lines":{"total":54,"covered":54,"skipped":0,"pct":100},"functions":{"total":7,"covered":7,"skipped":0,"pct":100},"statements":{"total":64,"covered":63,"skipped":0,"pct":98.43},"branches":{"total":38,"covered":34,"skipped":0,"pct":89.47}}
}
