TN:
SF:src/index.ts
FN:12,(anonymous_0)
FN:35,hslMatcher
FN:97,hlsStringToRGB
FN:131,(anonymous_3)
FN:133,(anonymous_4)
FN:138,gradsToDegrees
FN:151,radiansToDegrees
FNF:7
FNH:7
FNDA:33,(anonymous_0)
FNDA:38,hslMatcher
FNDA:11,hlsStringToRGB
FNDA:66,(anonymous_3)
FNDA:33,(anonymous_4)
FNDA:6,gradsToDegrees
FNDA:2,radiansToDegrees
DA:2,1
DA:5,1
DA:8,1
DA:10,1
DA:12,33
DA:36,38
DA:37,38
DA:38,28
DA:39,28
DA:46,10
DA:47,10
DA:48,10
DA:49,10
DA:50,10
DA:51,5
DA:52,5
DA:59,5
DA:98,11
DA:99,11
DA:100,11
DA:101,11
DA:102,11
DA:103,11
DA:105,11
DA:106,1
DA:107,10
DA:108,2
DA:109,8
DA:110,1
DA:113,11
DA:114,7
DA:116,11
DA:117,11
DA:118,11
DA:119,11
DA:121,11
DA:122,11
DA:123,11
DA:124,11
DA:126,11
DA:127,11
DA:129,11
DA:130,11
DA:131,66
DA:132,11
DA:133,33
DA:134,11
DA:139,6
DA:141,6
DA:142,6
DA:143,1
DA:146,6
DA:147,6
DA:152,2
LF:54
LH:54
BRDA:12,0,0,18
BRDA:12,0,1,15
BRDA:35,1,0,0
BRDA:37,2,0,28
BRDA:37,2,1,10
BRDA:49,3,0,10
BRDA:49,3,1,9
BRDA:49,3,2,7
BRDA:50,4,0,5
BRDA:50,4,1,5
BRDA:99,5,0,0
BRDA:99,5,1,11
BRDA:105,6,0,1
BRDA:105,6,1,10
BRDA:107,7,0,2
BRDA:107,7,1,8
BRDA:109,8,0,1
BRDA:109,8,1,7
BRDA:113,9,0,7
BRDA:113,9,1,4
BRDA:116,10,0,1
BRDA:116,10,1,10
BRDA:117,11,0,1
BRDA:117,11,1,10
BRDA:118,12,0,11
BRDA:118,12,1,0
BRDA:121,13,0,1
BRDA:121,13,1,10
BRDA:122,14,0,1
BRDA:122,14,1,10
BRDA:123,15,0,11
BRDA:123,15,1,0
BRDA:126,16,0,1
BRDA:126,16,1,10
BRDA:127,17,0,1
BRDA:127,17,1,10
BRDA:142,18,0,1
BRDA:142,18,1,5
BRF:38
BRH:34
end_of_record
