TN:
SF:src/index.ts
FN:12,(anonymous_0)
FN:35,hslMatcher
FN:96,hlsStringToRGB
FN:130,(anonymous_3)
FN:132,(anonymous_4)
FN:135,(anonymous_5)
FN:153,gradsToDegrees
FN:166,radiansToDegrees
FNF:8
FNH:8
FNDA:40,(anonymous_0)
FNDA:47,hslMatcher
FNDA:19,hlsStringToRGB
FNDA:108,(anonymous_3)
FNDA:54,(anonymous_4)
FNDA:54,(anonymous_5)
FNDA:6,gradsToDegrees
FNDA:2,radiansToDegrees
DA:2,1
DA:5,1
DA:8,1
DA:10,1
DA:12,40
DA:36,47
DA:37,47
DA:38,33
DA:39,33
DA:46,14
DA:47,14
DA:48,14
DA:49,14
DA:50,14
DA:51,7
DA:52,7
DA:97,19
DA:98,19
DA:99,18
DA:100,18
DA:101,18
DA:102,18
DA:104,18
DA:105,1
DA:106,17
DA:107,2
DA:108,15
DA:109,1
DA:112,18
DA:113,14
DA:115,18
DA:116,18
DA:117,18
DA:118,18
DA:120,18
DA:121,18
DA:122,18
DA:123,18
DA:125,18
DA:126,18
DA:128,18
DA:129,18
DA:130,108
DA:131,18
DA:132,54
DA:135,54
DA:146,18
DA:147,14
DA:149,4
DA:154,6
DA:156,6
DA:157,6
DA:158,1
DA:161,6
DA:162,6
DA:167,2
LF:56
LH:56
BRDA:12,0,0,32
BRDA:12,0,1,8
BRDA:35,1,0,0
BRDA:37,2,0,33
BRDA:37,2,1,14
BRDA:49,3,0,14
BRDA:49,3,1,12
BRDA:49,3,2,9
BRDA:50,4,0,7
BRDA:50,4,1,7
BRDA:98,5,0,1
BRDA:98,5,1,18
BRDA:104,6,0,1
BRDA:104,6,1,17
BRDA:106,7,0,2
BRDA:106,7,1,15
BRDA:108,8,0,1
BRDA:108,8,1,14
BRDA:112,9,0,14
BRDA:112,9,1,4
BRDA:115,10,0,1
BRDA:115,10,1,17
BRDA:116,11,0,2
BRDA:116,11,1,16
BRDA:117,12,0,18
BRDA:117,12,1,0
BRDA:120,13,0,1
BRDA:120,13,1,17
BRDA:121,14,0,2
BRDA:121,14,1,16
BRDA:122,15,0,18
BRDA:122,15,1,0
BRDA:125,16,0,1
BRDA:125,16,1,17
BRDA:126,17,0,2
BRDA:126,17,1,16
BRDA:146,18,0,14
BRDA:146,18,1,4
BRDA:146,19,0,18
BRDA:146,19,1,14
BRDA:157,20,0,1
BRDA:157,20,1,5
BRF:42
BRH:39
end_of_record
